<?xml version="1.0" encoding="UTF-8"?>
<!-- Generated by org.testng.reporters.JUnitReportReporter -->
<testsuite hostname="LAPTOP-KRNDV7TL" name="com.runner.Testrunner" tests="1" failures="0" timestamp="12 Jul 2020 13:46:25 GMT" time="150.028" errors="0">
  <testcase name="runScenario" time="150.028" classname="com.runner.Testrunner"/>
</testsuite> <!-- com.runner.Testrunner -->
